<?xml version="1.0" encoding="utf-8"?>
<TestRun id="6d408e5b-f513-4687-942e-4705a77e1d1b" name="trumc@DESKTOP-8JS9L6L 2026-04-08 06:20:51" runUser="DESKTOP-8JS9L6L\trumc" xmlns="http://microsoft.com/schemas/VisualStudio/TeamTest/2010">
  <Times creation="2026-04-08T06:20:51.5952520+07:00" queuing="2026-04-08T06:20:51.5952522+07:00" start="2026-04-08T06:20:50.8638872+07:00" finish="2026-04-08T06:20:51.5986736+07:00" />
  <TestSettings name="default" id="9ff77cdd-323b-4a0f-bf0f-8762f5ac6b26">
    <Deployment runDeploymentRoot="trumc_DESKTOP-8JS9L6L_2026-04-08_06_20_51" />
  </TestSettings>
  <Results>
    <UnitTestResult executionId="0230e695-1551-47d0-81a1-8f3dd591053f" testId="62faa91c-3e8c-aa35-9861-7c858835fa19" testName="_1298_DUYHUNG.Tests.AccountControllerTests.Login_SuccessButUserNotFound_RedirectsHomeWithoutUpdate" computerName="DESKTOP-8JS9L6L" duration="00:00:00.0008799" startTime="2026-04-08T06:20:51.5219797+07:00" endTime="2026-04-08T06:20:51.5219798+07:00" testType="13cdc9d9-ddb5-4fa4-a97d-d965ccfc6d4b" outcome="Passed" testListId="8c84fa94-04c1-424b-9868-57a2d4851a1d" relativeResultsDirectory="0230e695-1551-47d0-81a1-8f3dd591053f" />
    <UnitTestResult executionId="83a2afd8-9ad3-43f6-887c-9ce4ac9ffc03" testId="a9966229-88ad-87d0-64d5-1971f456b36e" testName="_1298_DUYHUNG.Tests.AccountServiceTests.Register_WithValidData_ReturnsSuccess" computerName="DESKTOP-8JS9L6L" duration="00:00:00.0039365" startTime="2026-04-08T06:20:51.4931416+07:00" endTime="2026-04-08T06:20:51.4931417+07:00" testType="13cdc9d9-ddb5-4fa4-a97d-d965ccfc6d4b" outcome="Passed" testListId="8c84fa94-04c1-424b-9868-57a2d4851a1d" relativeResultsDirectory="83a2afd8-9ad3-43f6-887c-9ce4ac9ffc03" />
    <UnitTestResult executionId="87d93b20-ccd6-4c88-afcb-a559ca7d958f" testId="51640fe3-7c0e-dbea-5b82-934951147a4d" testName="_1298_DUYHUNG.Tests.AccountControllerTests.Login_WhenCaptchaFails_ReturnsViewWithModelError" computerName="DESKTOP-8JS9L6L" duration="00:00:00.0013020" startTime="2026-04-08T06:20:51.5210509+07:00" endTime="2026-04-08T06:20:51.5210510+07:00" testType="13cdc9d9-ddb5-4fa4-a97d-d965ccfc6d4b" outcome="Passed" testListId="8c84fa94-04c1-424b-9868-57a2d4851a1d" relativeResultsDirectory="87d93b20-ccd6-4c88-afcb-a559ca7d958f" />
    <UnitTestResult executionId="f4b75d50-b66c-4393-b415-9b70013e5ee1" testId="18cb114c-889f-2967-ecc3-d764bc8770ea" testName="_1298_DUYHUNG.Tests.AccountServiceTests.Register_WithDuplicateEmail_ReturnsFailure" computerName="DESKTOP-8JS9L6L" duration="00:00:00.0778958" startTime="2026-04-08T06:20:51.4894209+07:00" endTime="2026-04-08T06:20:51.4894322+07:00" testType="13cdc9d9-ddb5-4fa4-a97d-d965ccfc6d4b" outcome="Passed" testListId="8c84fa94-04c1-424b-9868-57a2d4851a1d" relativeResultsDirectory="f4b75d50-b66c-4393-b415-9b70013e5ee1" />
    <UnitTestResult executionId="2eece827-5f1c-4ca6-aa82-5ebfcf718c87" testId="dc9b20d1-b793-26f4-015c-3706aa2cb077" testName="_1298_DUYHUNG.Tests.AccountControllerTests.Login_WithValidCredentials_RedirectsHomeAndUpdatesLastLogin" computerName="DESKTOP-8JS9L6L" duration="00:00:00.0053035" startTime="2026-04-08T06:20:51.5196793+07:00" endTime="2026-04-08T06:20:51.5196800+07:00" testType="13cdc9d9-ddb5-4fa4-a97d-d965ccfc6d4b" outcome="Passed" testListId="8c84fa94-04c1-424b-9868-57a2d4851a1d" relativeResultsDirectory="2eece827-5f1c-4ca6-aa82-5ebfcf718c87" />
    <UnitTestResult executionId="7f50c328-37e2-4da4-9ec7-1c6af88ac566" testId="e4bbd284-ccd6-bde0-c300-69f7be3e3c4f" testName="_1298_DUYHUNG.Tests.AccountControllerTests.Register_InvalidModelState_ReturnsView" computerName="DESKTOP-8JS9L6L" duration="00:00:00.0050201" startTime="2026-04-08T06:20:51.5142887+07:00" endTime="2026-04-08T06:20:51.5142892+07:00" testType="13cdc9d9-ddb5-4fa4-a97d-d965ccfc6d4b" outcome="Passed" testListId="8c84fa94-04c1-424b-9868-57a2d4851a1d" relativeResultsDirectory="7f50c328-37e2-4da4-9ec7-1c6af88ac566" />
    <UnitTestResult executionId="46cd5847-5d14-42f4-8ccd-dd3405dd73c3" testId="60674a9d-5dc9-11e0-f3fa-c54a3c6030e3" testName="_1298_DUYHUNG.Tests.AccountControllerTests.Login_WithInvalidCredentials_AddsErrorAndReturnsView" computerName="DESKTOP-8JS9L6L" duration="00:00:00.1017362" startTime="2026-04-08T06:20:51.5091741+07:00" endTime="2026-04-08T06:20:51.5091745+07:00" testType="13cdc9d9-ddb5-4fa4-a97d-d965ccfc6d4b" outcome="Passed" testListId="8c84fa94-04c1-424b-9868-57a2d4851a1d" relativeResultsDirectory="46cd5847-5d14-42f4-8ccd-dd3405dd73c3" />
  </Results>
  <TestDefinitions>
    <UnitTest name="_1298_DUYHUNG.Tests.AccountControllerTests.Login_SuccessButUserNotFound_RedirectsHomeWithoutUpdate" storage="c:\users\trumc\primeshop\bin\debug\net9.0\1298_duyhung.dll" id="62faa91c-3e8c-aa35-9861-7c858835fa19">
      <Execution id="0230e695-1551-47d0-81a1-8f3dd591053f" />
      <TestMethod codeBase="C:\Users\trumc\PrimeShop\bin\Debug\net9.0\1298_DuyHung.dll" adapterTypeName="executor://xunit/VsTestRunner2/netcoreapp" className="_1298_DUYHUNG.Tests.AccountControllerTests" name="Login_SuccessButUserNotFound_RedirectsHomeWithoutUpdate" />
    </UnitTest>
    <UnitTest name="_1298_DUYHUNG.Tests.AccountControllerTests.Login_WhenCaptchaFails_ReturnsViewWithModelError" storage="c:\users\trumc\primeshop\bin\debug\net9.0\1298_duyhung.dll" id="51640fe3-7c0e-dbea-5b82-934951147a4d">
      <Execution id="87d93b20-ccd6-4c88-afcb-a559ca7d958f" />
      <TestMethod codeBase="C:\Users\trumc\PrimeShop\bin\Debug\net9.0\1298_DuyHung.dll" adapterTypeName="executor://xunit/VsTestRunner2/netcoreapp" className="_1298_DUYHUNG.Tests.AccountControllerTests" name="Login_WhenCaptchaFails_ReturnsViewWithModelError" />
    </UnitTest>
    <UnitTest name="_1298_DUYHUNG.Tests.AccountControllerTests.Login_WithValidCredentials_RedirectsHomeAndUpdatesLastLogin" storage="c:\users\trumc\primeshop\bin\debug\net9.0\1298_duyhung.dll" id="dc9b20d1-b793-26f4-015c-3706aa2cb077">
      <Execution id="2eece827-5f1c-4ca6-aa82-5ebfcf718c87" />
      <TestMethod codeBase="C:\Users\trumc\PrimeShop\bin\Debug\net9.0\1298_DuyHung.dll" adapterTypeName="executor://xunit/VsTestRunner2/netcoreapp" className="_1298_DUYHUNG.Tests.AccountControllerTests" name="Login_WithValidCredentials_RedirectsHomeAndUpdatesLastLogin" />
    </UnitTest>
    <UnitTest name="_1298_DUYHUNG.Tests.AccountServiceTests.Register_WithValidData_ReturnsSuccess" storage="c:\users\trumc\primeshop\bin\debug\net9.0\1298_duyhung.dll" id="a9966229-88ad-87d0-64d5-1971f456b36e">
      <Execution id="83a2afd8-9ad3-43f6-887c-9ce4ac9ffc03" />
      <TestMethod codeBase="C:\Users\trumc\PrimeShop\bin\Debug\net9.0\1298_DuyHung.dll" adapterTypeName="executor://xunit/VsTestRunner2/netcoreapp" className="_1298_DUYHUNG.Tests.AccountServiceTests" name="Register_WithValidData_ReturnsSuccess" />
    </UnitTest>
    <UnitTest name="_1298_DUYHUNG.Tests.AccountControllerTests.Login_WithInvalidCredentials_AddsErrorAndReturnsView" storage="c:\users\trumc\primeshop\bin\debug\net9.0\1298_duyhung.dll" id="60674a9d-5dc9-11e0-f3fa-c54a3c6030e3">
      <Execution id="46cd5847-5d14-42f4-8ccd-dd3405dd73c3" />
      <TestMethod codeBase="C:\Users\trumc\PrimeShop\bin\Debug\net9.0\1298_DuyHung.dll" adapterTypeName="executor://xunit/VsTestRunner2/netcoreapp" className="_1298_DUYHUNG.Tests.AccountControllerTests" name="Login_WithInvalidCredentials_AddsErrorAndReturnsView" />
    </UnitTest>
    <UnitTest name="_1298_DUYHUNG.Tests.AccountControllerTests.Register_InvalidModelState_ReturnsView" storage="c:\users\trumc\primeshop\bin\debug\net9.0\1298_duyhung.dll" id="e4bbd284-ccd6-bde0-c300-69f7be3e3c4f">
      <Execution id="7f50c328-37e2-4da4-9ec7-1c6af88ac566" />
      <TestMethod codeBase="C:\Users\trumc\PrimeShop\bin\Debug\net9.0\1298_DuyHung.dll" adapterTypeName="executor://xunit/VsTestRunner2/netcoreapp" className="_1298_DUYHUNG.Tests.AccountControllerTests" name="Register_InvalidModelState_ReturnsView" />
    </UnitTest>
    <UnitTest name="_1298_DUYHUNG.Tests.AccountServiceTests.Register_WithDuplicateEmail_ReturnsFailure" storage="c:\users\trumc\primeshop\bin\debug\net9.0\1298_duyhung.dll" id="18cb114c-889f-2967-ecc3-d764bc8770ea">
      <Execution id="f4b75d50-b66c-4393-b415-9b70013e5ee1" />
      <TestMethod codeBase="C:\Users\trumc\PrimeShop\bin\Debug\net9.0\1298_DuyHung.dll" adapterTypeName="executor://xunit/VsTestRunner2/netcoreapp" className="_1298_DUYHUNG.Tests.AccountServiceTests" name="Register_WithDuplicateEmail_ReturnsFailure" />
    </UnitTest>
  </TestDefinitions>
  <TestEntries>
    <TestEntry testId="62faa91c-3e8c-aa35-9861-7c858835fa19" executionId="0230e695-1551-47d0-81a1-8f3dd591053f" testListId="8c84fa94-04c1-424b-9868-57a2d4851a1d" />
    <TestEntry testId="a9966229-88ad-87d0-64d5-1971f456b36e" executionId="83a2afd8-9ad3-43f6-887c-9ce4ac9ffc03" testListId="8c84fa94-04c1-424b-9868-57a2d4851a1d" />
    <TestEntry testId="51640fe3-7c0e-dbea-5b82-934951147a4d" executionId="87d93b20-ccd6-4c88-afcb-a559ca7d958f" testListId="8c84fa94-04c1-424b-9868-57a2d4851a1d" />
    <TestEntry testId="18cb114c-889f-2967-ecc3-d764bc8770ea" executionId="f4b75d50-b66c-4393-b415-9b70013e5ee1" testListId="8c84fa94-04c1-424b-9868-57a2d4851a1d" />
    <TestEntry testId="dc9b20d1-b793-26f4-015c-3706aa2cb077" executionId="2eece827-5f1c-4ca6-aa82-5ebfcf718c87" testListId="8c84fa94-04c1-424b-9868-57a2d4851a1d" />
    <TestEntry testId="e4bbd284-ccd6-bde0-c300-69f7be3e3c4f" executionId="7f50c328-37e2-4da4-9ec7-1c6af88ac566" testListId="8c84fa94-04c1-424b-9868-57a2d4851a1d" />
    <TestEntry testId="60674a9d-5dc9-11e0-f3fa-c54a3c6030e3" executionId="46cd5847-5d14-42f4-8ccd-dd3405dd73c3" testListId="8c84fa94-04c1-424b-9868-57a2d4851a1d" />
  </TestEntries>
  <TestLists>
    <TestList name="Results Not in a List" id="8c84fa94-04c1-424b-9868-57a2d4851a1d" />
    <TestList name="All Loaded Results" id="19431567-8539-422a-85d7-44ee4e166bda" />
  </TestLists>
  <ResultSummary outcome="Completed">
    <Counters total="7" executed="7" passed="7" failed="0" error="0" timeout="0" aborted="0" inconclusive="0" passedButRunAborted="0" notRunnable="0" notExecuted="0" disconnected="0" warning="0" completed="0" inProgress="0" pending="0" />
    <Output>
      <StdOut>[xUnit.net 00:00:00.00] xUnit.net VSTest Adapter v2.8.2+699d445a1a (64-bit .NET 9.0.14)&#xD;
[xUnit.net 00:00:00.07]   Discovering: 1298_DuyHung&#xD;
[xUnit.net 00:00:00.10]   Discovered:  1298_DuyHung&#xD;
[xUnit.net 00:00:00.11]   Starting:    1298_DuyHung&#xD;
[xUnit.net 00:00:00.25]   Finished:    1298_DuyHung&#xD;
</StdOut>
    </Output>
  </ResultSummary>
</TestRun>