<?xml version="1.0" encoding="utf-8"?>
<TestRun id="75a56436-1f28-42ad-b326-c559dc567295" name="trumc@DESKTOP-8JS9L6L 2026-03-31 05:20:19" runUser="DESKTOP-8JS9L6L\trumc" xmlns="http://microsoft.com/schemas/VisualStudio/TeamTest/2010">
  <Times creation="2026-03-31T05:20:19.7885099+07:00" queuing="2026-03-31T05:20:19.7885103+07:00" start="2026-03-31T05:20:18.7294678+07:00" finish="2026-03-31T05:20:19.7889260+07:00" />
  <TestSettings name="default" id="a205b053-ec23-42ab-bb8f-2136936a85ee">
    <Deployment runDeploymentRoot="trumc_DESKTOP-8JS9L6L_2026-03-31_05_20_19" />
  </TestSettings>
  <TestLists>
    <TestList name="Results Not in a List" id="8c84fa94-04c1-424b-9868-57a2d4851a1d" />
    <TestList name="All Loaded Results" id="19431567-8539-422a-85d7-44ee4e166bda" />
  </TestLists>
  <ResultSummary outcome="Completed">
    <Counters total="0" executed="0" passed="0" failed="0" error="0" timeout="0" aborted="0" inconclusive="0" passedButRunAborted="0" notRunnable="0" notExecuted="0" disconnected="0" warning="0" completed="0" inProgress="0" pending="0" />
    <Output>
      <StdOut>[xUnit.net 00:00:00.00] xUnit.net VSTest Adapter v2.8.2+699d445a1a (64-bit .NET 9.0.14)&#xD;
[xUnit.net 00:00:00.37]   Discovering: 1298_DuyHung&#xD;
[xUnit.net 00:00:00.39]   Discovered:  1298_DuyHung&#xD;
</StdOut>
    </Output>
    <RunInfos>
      <RunInfo computerName="DESKTOP-8JS9L6L" outcome="Warning" timestamp="2026-03-31T05:20:19.7386490+07:00">
        <Text>No test is available in C:\Users\trumc\PrimeShop\bin\Debug\net9.0\1298_DuyHung.dll. Make sure that test discoverer &amp; executors are registered and platform &amp; framework version settings are appropriate and try again.</Text>
      </RunInfo>
    </RunInfos>
  </ResultSummary>
</TestRun>